<?xml version="1.0" encoding="UTF-8"?>
<!-- Generated by org.testng.reporters.JUnitXMLReporter -->
<testsuite hostname="DESKTOP-1KMUPCO" ignored="0" name="Test" tests="6" failures="0" timestamp="17 Mar 2023 03:38:50 GMT" time="0.219" errors="0">
  <testcase name="tc4" time="0.031" classname="org.testng.Parallel2"/>
  <testcase name="tc5" time="0.0" classname="org.testng.Parallel2"/>
  <testcase name="tc6" time="0.0" classname="org.testng.Parallel2"/>
  <testcase name="tc1" time="0.016" classname="org.testng.Parallel1"/>
  <testcase name="tc2" time="0.0" classname="org.testng.Parallel1"/>
  <testcase name="tc3" time="0.016" classname="org.testng.Parallel1"/>
</testsuite> <!-- Test -->
