<?xml version="1.0" encoding="UTF-8"?>
<testng-results skipped="0" failed="0" ignored="0" total="1" passed="1">
  <reporter-output>
  </reporter-output>
  <suite name="Default suite" duration-ms="157" started-at="2023-03-17T03:55:56Z" finished-at="2023-03-17T03:55:56Z">
    <groups>
    </groups>
    <test name="Default test" duration-ms="157" started-at="2023-03-17T03:55:56Z" finished-at="2023-03-17T03:55:56Z">
      <class name="org.testng.Annot">
        <test-method status="PASS" signature="beforesuite()[pri:0, instance:org.testng.Annot@5dd6264]" name="beforesuite" is-config="true" duration-ms="62" started-at="2023-03-17T03:55:56Z" finished-at="2023-03-17T03:55:56Z">
          <reporter-output>
          </reporter-output>
        </test-method> <!-- beforesuite -->
        <test-method status="PASS" signature="bfTest()[pri:0, instance:org.testng.Annot@5dd6264]" name="bfTest" is-config="true" duration-ms="0" started-at="2023-03-17T03:55:56Z" finished-at="2023-03-17T03:55:56Z">
          <reporter-output>
          </reporter-output>
        </test-method> <!-- bfTest -->
        <test-method status="PASS" signature="beClass()[pri:0, instance:org.testng.Annot@5dd6264]" name="beClass" is-config="true" duration-ms="0" started-at="2023-03-17T03:55:56Z" finished-at="2023-03-17T03:55:56Z">
          <reporter-output>
          </reporter-output>
        </test-method> <!-- beClass -->
        <test-method status="PASS" signature="befMrthod()[pri:0, instance:org.testng.Annot@5dd6264]" name="befMrthod" is-config="true" duration-ms="15" started-at="2023-03-17T03:55:56Z" finished-at="2023-03-17T03:55:56Z">
          <reporter-output>
          </reporter-output>
        </test-method> <!-- befMrthod -->
        <test-method status="PASS" signature="tc1()[pri:0, instance:org.testng.Annot@5dd6264]" name="tc1" duration-ms="32" started-at="2023-03-17T03:55:56Z" finished-at="2023-03-17T03:55:56Z">
          <reporter-output>
          </reporter-output>
        </test-method> <!-- tc1 -->
        <test-method status="PASS" signature="aterClass()[pri:0, instance:org.testng.Annot@5dd6264]" name="aterClass" is-config="true" duration-ms="0" started-at="2023-03-17T03:55:56Z" finished-at="2023-03-17T03:55:56Z">
          <reporter-output>
          </reporter-output>
        </test-method> <!-- aterClass -->
        <test-method status="PASS" signature="afterTest()[pri:0, instance:org.testng.Annot@5dd6264]" name="afterTest" is-config="true" duration-ms="16" started-at="2023-03-17T03:55:56Z" finished-at="2023-03-17T03:55:56Z">
          <reporter-output>
          </reporter-output>
        </test-method> <!-- afterTest -->
        <test-method status="PASS" signature="aftMethod()[pri:0, instance:org.testng.Annot@5dd6264]" name="aftMethod" is-config="true" duration-ms="0" started-at="2023-03-17T03:55:56Z" finished-at="2023-03-17T03:55:56Z">
          <reporter-output>
          </reporter-output>
        </test-method> <!-- aftMethod -->
        <test-method status="PASS" signature="aftersuite()[pri:0, instance:org.testng.Annot@5dd6264]" name="aftersuite" is-config="true" duration-ms="0" started-at="2023-03-17T03:55:56Z" finished-at="2023-03-17T03:55:56Z">
          <reporter-output>
          </reporter-output>
        </test-method> <!-- aftersuite -->
      </class> <!-- org.testng.Annot -->
    </test> <!-- Default test -->
  </suite> <!-- Default suite -->
</testng-results>
